Arguments: 
  C:\Program Files\nodejs\node.exe C:\Users\stefd\AppData\Roaming\npm\node_modules\yarn\bin\yarn.js install --no-optional

PATH: 
  C:\Program Files (x86)\Common Files\Oracle\Java\javapath;C:\Program Files (x86)\Razer Chroma SDK\bin;C:\Program Files\Razer Chroma SDK\bin;C:\Windows\system32;C:\Windows;C:\Windows\System32\Wbem;C:\Windows\System32\WindowsPowerShell\v1.0\;C:\Windows\System32\OpenSSH\;C:\Program Files\NVIDIA Corporation\NVIDIA NvDLISR;C:\Program Files (x86)\NVIDIA Corporation\PhysX\Common;C:\Users\stefd\AppData\Local\Microsoft\WindowsApps;C:\WINDOWS\system32;C:\WINDOWS;C:\WINDOWS\System32\Wbem;C:\WINDOWS\System32\WindowsPowerShell\v1.0\;C:\WINDOWS\System32\OpenSSH\;C:\Program Files\nodejs\;C:\Users\stefd\scoop\shims;C:\Users\stefd\AppData\Local\Microsoft\WindowsApps;C:\Users\stefd\AppData\Local\Programs\Microsoft VS Code\bin;C:\Users\stefd\AppData\Roaming\npm;C:\Users\stefd\AppData\Local\GitHubDesktop\bin

Yarn version: 
  1.22.19

Node version: 
  18.16.0

Platform: 
  win32 x64

Trace: 
  Error: EPERM: operation not permitted, unlink 'C:\Users\stefd\Documents\GitHub\Timelab-project\node_modules\esbuild-windows-64\esbuild.exe'

npm manifest: 
  {
    "name": "timelab_project",
    "version": "1.0.0",
    "private": true,
    "main": "index.js",
    "license": "MIT",
    "workspaces": [
      "frontend",
      "backoffice",
      "backend"
    ],
    "scripts": {
      "start:dev": "concurrently \"yarn workspace backend start:dev\" \"yarn workspace frontend dev\"",
      "heroku-postbuild": "yarn workspaces run build"
    },
    "devDependencies": {
      "concurrently": "^7.4.0"
    },
    "dependencies": {
      "@nestjs/platform-express": "^9.1.4"
    }
  }

yarn manifest: 
  No manifest

Lockfile: 
  No lockfile
